{
    "_class": "hudson.tasks.junit.TestResult",
    "duration": 230.763,
    "empty": false,
    "failCount": 3,
    "passCount": 24,
    "skipCount": 0,
    "suites": [
        {
            "cases": [
                {
                    "age": 0,
                    "className": "tests.RCR_VR_HA_FE_ConfigTool_Denials.DenialsFE",
                    "duration": 5.182,
                    "errorDetails": null,
                    "errorStackTrace": null,
                    "failedSince": 0,
                    "name": "test_2_fetch_existing_values",
                    "skipped": false,
                    "skippedMessage": null,
                    "status": "PASSED",
                    "stderr": "\n\t",
                    "stdout": "\n\t",
                    "testActions": []
                },
                {
                    "age": 0,
                    "className": "tests.RCR_VR_HA_FE_ConfigTool_Denials.DenialsFE",
                    "duration": 8.566,
                    "errorDetails": null,
                    "errorStackTrace": null,
                    "failedSince": 0,
                    "name": "test_3_target_less_than_bottom_zone",
                    "skipped": false,
                    "skippedMessage": null,
                    "status": "PASSED",
                    "stderr": "\n\t",
                    "stdout": "\n\t",
                    "testActions": []
                },
                {
                    "age": 0,
                    "className": "tests.RCR_VR_HA_FE_ConfigTool_Denials.DenialsFE",
                    "duration": 2.929,
                    "errorDetails": null,
                    "errorStackTrace": null,
                    "failedSince": 0,
                    "name": "test_4_target_greater_than_top_zone",
                    "skipped": false,
                    "skippedMessage": null,
                    "status": "PASSED",
                    "stderr": "\n\t",
                    "stdout": "\n\t",
                    "testActions": []
                },
                {
                    "age": 0,
                    "className": "tests.RCR_VR_HA_FE_ConfigTool_Denials.DenialsFE",
                    "duration": 3.59,
                    "errorDetails": null,
                    "errorStackTrace": null,
                    "failedSince": 0,
                    "name": "test_5_bottom_zone_greater_than_top_zone",
                    "skipped": false,
                    "skippedMessage": null,
                    "status": "PASSED",
                    "stderr": "\n\t",
                    "stdout": "\n\t",
                    "testActions": []
                },
                {
                    "age": 0,
                    "className": "tests.RCR_VR_HA_FE_ConfigTool_Denials.DenialsFE",
                    "duration": 10.625,
                    "errorDetails": null,
                    "errorStackTrace": null,
                    "failedSince": 0,
                    "name": "test_6_only_facility_values",
                    "skipped": false,
                    "skippedMessage": null,
                    "status": "PASSED",
                    "stderr": "\n\t",
                    "stdout": "\n\t",
                    "testActions": []
                },
                {
                    "age": 0,
                    "className": "tests.RCR_VR_HA_FE_ConfigTool_Denials.DenialsFE",
                    "duration": 11.75,
                    "errorDetails": null,
                    "errorStackTrace": null,
                    "failedSince": 0,
                    "name": "test_7_both_facility_and_default_values",
                    "skipped": false,
                    "skippedMessage": null,
                    "status": "PASSED",
                    "stderr": "\n\t",
                    "stdout": "\n\t",
                    "testActions": []
                },
                {
                    "age": 0,
                    "className": "tests.RCR_VR_HA_FE_ConfigTool_Denials.DenialsFE",
                    "duration": 9.155,
                    "errorDetails": null,
                    "errorStackTrace": null,
                    "failedSince": 0,
                    "name": "test_8_only_default_values",
                    "skipped": false,
                    "skippedMessage": null,
                    "status": "PASSED",
                    "stderr": "\n\t",
                    "stdout": "\n\t",
                    "testActions": []
                },
                {
                    "age": 0,
                    "className": "tests.RCR_VR_HA_FE_ConfigTool_Denials.DenialsFE",
                    "duration": 17.544,
                    "errorDetails": null,
                    "errorStackTrace": null,
                    "failedSince": 0,
                    "name": "test_9_revert_to_old_values",
                    "skipped": false,
                    "skippedMessage": null,
                    "status": "PASSED",
                    "stderr": "\n\t",
                    "stdout": "\n\t",
                    "testActions": []
                },
                {
                    "age": 1,
                    "className": "tests.RCR_VR_HA_FE_ConfigTool_Denials.DenialsFE",
                    "duration": 4.754,
                    "errorDetails": "4 != 3",
                    "errorStackTrace": "\nTraceback (most recent call last):\n  File \"C:\\Program Files (x86)\\Jenkins\\workspace\\RCR_VR_HA_FE_ConfigTool_Denials-Dev\\tests\\RCR_VR_HA_FE_ConfigTool_Denials.py\", line 56, in test_1_validate_tabs\n    self.assertEqual(counter, 3)\nAssertionError: 4 != 3\n\t\t",
                    "failedSince": 1,
                    "name": "test_1_validate_tabs",
                    "skipped": false,
                    "skippedMessage": null,
                    "status": "FAILED",
                    "stderr": "\n\t",
                    "stdout": "\n\t",
                    "testActions": []
                }
            ],
            "duration": 74.095,
            "enclosingBlockNames": [],
            "enclosingBlocks": [],
            "id": null,
            "name": "tests.RCR_VR_HA_FE_ConfigTool_Denials.DenialsFE-denial_rate_partial_pay",
            "nodeId": null,
            "stderr": "\n\t",
            "stdout": "\n\t",
            "timestamp": null
        },
        {
            "cases": [
                {
                    "age": 0,
                    "className": "tests.RCR_VR_HA_FE_ConfigTool_Denials.DenialsFE",
                    "duration": 5.457,
                    "errorDetails": null,
                    "errorStackTrace": null,
                    "failedSince": 0,
                    "name": "test_2_fetch_existing_values",
                    "skipped": false,
                    "skippedMessage": null,
                    "status": "PASSED",
                    "stderr": "\nC:\\Users\\rr015654\\AppData\\Local\\Programs\\Python\\Python36\\lib\\site-packages\\selenium\\webdriver\\remote\\webdriver.py:1007: UserWarning: name used for saved screenshot does not match file type. It should end with a `.png` extension\n  \"type. It should end with a `.png` extension\", UserWarning)\n\t",
                    "stdout": "\n\t",
                    "testActions": []
                },
                {
                    "age": 0,
                    "className": "tests.RCR_VR_HA_FE_ConfigTool_Denials.DenialsFE",
                    "duration": 7.757,
                    "errorDetails": null,
                    "errorStackTrace": null,
                    "failedSince": 0,
                    "name": "test_3_target_less_than_bottom_zone",
                    "skipped": false,
                    "skippedMessage": null,
                    "status": "PASSED",
                    "stderr": "\nC:\\Users\\rr015654\\AppData\\Local\\Programs\\Python\\Python36\\lib\\site-packages\\selenium\\webdriver\\remote\\webdriver.py:1007: UserWarning: name used for saved screenshot does not match file type. It should end with a `.png` extension\n  \"type. It should end with a `.png` extension\", UserWarning)\n\t",
                    "stdout": "\n\t",
                    "testActions": []
                },
                {
                    "age": 0,
                    "className": "tests.RCR_VR_HA_FE_ConfigTool_Denials.DenialsFE",
                    "duration": 6.643,
                    "errorDetails": null,
                    "errorStackTrace": null,
                    "failedSince": 0,
                    "name": "test_4_target_greater_than_top_zone",
                    "skipped": false,
                    "skippedMessage": null,
                    "status": "PASSED",
                    "stderr": "\nC:\\Users\\rr015654\\AppData\\Local\\Programs\\Python\\Python36\\lib\\site-packages\\selenium\\webdriver\\remote\\webdriver.py:1007: UserWarning: name used for saved screenshot does not match file type. It should end with a `.png` extension\n  \"type. It should end with a `.png` extension\", UserWarning)\n\t",
                    "stdout": "\n\t",
                    "testActions": []
                },
                {
                    "age": 0,
                    "className": "tests.RCR_VR_HA_FE_ConfigTool_Denials.DenialsFE",
                    "duration": 4.075,
                    "errorDetails": null,
                    "errorStackTrace": null,
                    "failedSince": 0,
                    "name": "test_5_bottom_zone_greater_than_top_zone",
                    "skipped": false,
                    "skippedMessage": null,
                    "status": "PASSED",
                    "stderr": "\nC:\\Users\\rr015654\\AppData\\Local\\Programs\\Python\\Python36\\lib\\site-packages\\selenium\\webdriver\\remote\\webdriver.py:1007: UserWarning: name used for saved screenshot does not match file type. It should end with a `.png` extension\n  \"type. It should end with a `.png` extension\", UserWarning)\n\t",
                    "stdout": "\n\t",
                    "testActions": []
                },
                {
                    "age": 0,
                    "className": "tests.RCR_VR_HA_FE_ConfigTool_Denials.DenialsFE",
                    "duration": 16.822,
                    "errorDetails": null,
                    "errorStackTrace": null,
                    "failedSince": 0,
                    "name": "test_6_only_facility_values",
                    "skipped": false,
                    "skippedMessage": null,
                    "status": "PASSED",
                    "stderr": "\nC:\\Users\\rr015654\\AppData\\Local\\Programs\\Python\\Python36\\lib\\site-packages\\selenium\\webdriver\\remote\\webdriver.py:1007: UserWarning: name used for saved screenshot does not match file type. It should end with a `.png` extension\n  \"type. It should end with a `.png` extension\", UserWarning)\n\t",
                    "stdout": "\n\t",
                    "testActions": []
                },
                {
                    "age": 0,
                    "className": "tests.RCR_VR_HA_FE_ConfigTool_Denials.DenialsFE",
                    "duration": 10.257,
                    "errorDetails": null,
                    "errorStackTrace": null,
                    "failedSince": 0,
                    "name": "test_7_both_facility_and_default_values",
                    "skipped": false,
                    "skippedMessage": null,
                    "status": "PASSED",
                    "stderr": "\nC:\\Users\\rr015654\\AppData\\Local\\Programs\\Python\\Python36\\lib\\site-packages\\selenium\\webdriver\\remote\\webdriver.py:1007: UserWarning: name used for saved screenshot does not match file type. It should end with a `.png` extension\n  \"type. It should end with a `.png` extension\", UserWarning)\n\t",
                    "stdout": "\n\t",
                    "testActions": []
                },
                {
                    "age": 0,
                    "className": "tests.RCR_VR_HA_FE_ConfigTool_Denials.DenialsFE",
                    "duration": 9.738,
                    "errorDetails": null,
                    "errorStackTrace": null,
                    "failedSince": 0,
                    "name": "test_8_only_default_values",
                    "skipped": false,
                    "skippedMessage": null,
                    "status": "PASSED",
                    "stderr": "\nC:\\Users\\rr015654\\AppData\\Local\\Programs\\Python\\Python36\\lib\\site-packages\\selenium\\webdriver\\remote\\webdriver.py:1007: UserWarning: name used for saved screenshot does not match file type. It should end with a `.png` extension\n  \"type. It should end with a `.png` extension\", UserWarning)\n\t",
                    "stdout": "\n\t",
                    "testActions": []
                },
                {
                    "age": 0,
                    "className": "tests.RCR_VR_HA_FE_ConfigTool_Denials.DenialsFE",
                    "duration": 11.828,
                    "errorDetails": null,
                    "errorStackTrace": null,
                    "failedSince": 0,
                    "name": "test_9_revert_to_old_values",
                    "skipped": false,
                    "skippedMessage": null,
                    "status": "PASSED",
                    "stderr": "\nC:\\Users\\rr015654\\AppData\\Local\\Programs\\Python\\Python36\\lib\\site-packages\\selenium\\webdriver\\remote\\webdriver.py:1007: UserWarning: name used for saved screenshot does not match file type. It should end with a `.png` extension\n  \"type. It should end with a `.png` extension\", UserWarning)\n\t",
                    "stdout": "\n\t",
                    "testActions": []
                },
                {
                    "age": 1,
                    "className": "tests.RCR_VR_HA_FE_ConfigTool_Denials.DenialsFE",
                    "duration": 10.208,
                    "errorDetails": "4 != 3",
                    "errorStackTrace": "\nTraceback (most recent call last):\n  File \"C:\\Program Files (x86)\\Jenkins\\workspace\\RCR_VR_HA_FE_ConfigTool_Denials-Dev\\tests\\RCR_VR_HA_FE_ConfigTool_Denials.py\", line 56, in test_1_validate_tabs\n    self.assertEqual(counter, 3)\nAssertionError: 4 != 3\n\t\t",
                    "failedSince": 1,
                    "name": "test_1_validate_tabs",
                    "skipped": false,
                    "skippedMessage": null,
                    "status": "FAILED",
                    "stderr": "\nC:\\Users\\rr015654\\AppData\\Local\\Programs\\Python\\Python36\\lib\\site-packages\\selenium\\webdriver\\remote\\webdriver.py:1007: UserWarning: name used for saved screenshot does not match file type. It should end with a `.png` extension\n  \"type. It should end with a `.png` extension\", UserWarning)\n\t",
                    "stdout": "\n\t",
                    "testActions": []
                }
            ],
            "duration": 82.785,
            "enclosingBlockNames": [],
            "enclosingBlocks": [],
            "id": null,
            "name": "tests.RCR_VR_HA_FE_ConfigTool_Denials.DenialsFE-denial_rate_zero_pay",
            "nodeId": null,
            "stderr": "\nC:\\Users\\rr015654\\AppData\\Local\\Programs\\Python\\Python36\\lib\\site-packages\\selenium\\webdriver\\remote\\webdriver.py:1007: UserWarning: name used for saved screenshot does not match file type. It should end with a `.png` extension\n  \"type. It should end with a `.png` extension\", UserWarning)\n\t",
            "stdout": "\n\t",
            "timestamp": null
        },
        {
            "cases": [
                {
                    "age": 0,
                    "className": "tests.RCR_VR_HA_FE_ConfigTool_Denials.DenialsFE",
                    "duration": 6.572,
                    "errorDetails": null,
                    "errorStackTrace": null,
                    "failedSince": 0,
                    "name": "test_2_fetch_existing_values",
                    "skipped": false,
                    "skippedMessage": null,
                    "status": "PASSED",
                    "stderr": "\n\t",
                    "stdout": "\n\t",
                    "testActions": []
                },
                {
                    "age": 0,
                    "className": "tests.RCR_VR_HA_FE_ConfigTool_Denials.DenialsFE",
                    "duration": 7.999,
                    "errorDetails": null,
                    "errorStackTrace": null,
                    "failedSince": 0,
                    "name": "test_3_target_less_than_bottom_zone",
                    "skipped": false,
                    "skippedMessage": null,
                    "status": "PASSED",
                    "stderr": "\n\t",
                    "stdout": "\n\t",
                    "testActions": []
                },
                {
                    "age": 0,
                    "className": "tests.RCR_VR_HA_FE_ConfigTool_Denials.DenialsFE",
                    "duration": 4.132,
                    "errorDetails": null,
                    "errorStackTrace": null,
                    "failedSince": 0,
                    "name": "test_4_target_greater_than_top_zone",
                    "skipped": false,
                    "skippedMessage": null,
                    "status": "PASSED",
                    "stderr": "\n\t",
                    "stdout": "\n\t",
                    "testActions": []
                },
                {
                    "age": 0,
                    "className": "tests.RCR_VR_HA_FE_ConfigTool_Denials.DenialsFE",
                    "duration": 5.008,
                    "errorDetails": null,
                    "errorStackTrace": null,
                    "failedSince": 0,
                    "name": "test_5_bottom_zone_greater_than_top_zone",
                    "skipped": false,
                    "skippedMessage": null,
                    "status": "PASSED",
                    "stderr": "\n\t",
                    "stdout": "\n\t",
                    "testActions": []
                },
                {
                    "age": 0,
                    "className": "tests.RCR_VR_HA_FE_ConfigTool_Denials.DenialsFE",
                    "duration": 9.383,
                    "errorDetails": null,
                    "errorStackTrace": null,
                    "failedSince": 0,
                    "name": "test_6_only_facility_values",
                    "skipped": false,
                    "skippedMessage": null,
                    "status": "PASSED",
                    "stderr": "\n\t",
                    "stdout": "\n\t",
                    "testActions": []
                },
                {
                    "age": 0,
                    "className": "tests.RCR_VR_HA_FE_ConfigTool_Denials.DenialsFE",
                    "duration": 9.336,
                    "errorDetails": null,
                    "errorStackTrace": null,
                    "failedSince": 0,
                    "name": "test_7_both_facility_and_default_values",
                    "skipped": false,
                    "skippedMessage": null,
                    "status": "PASSED",
                    "stderr": "\n\t",
                    "stdout": "\n\t",
                    "testActions": []
                },
                {
                    "age": 0,
                    "className": "tests.RCR_VR_HA_FE_ConfigTool_Denials.DenialsFE",
                    "duration": 9.084,
                    "errorDetails": null,
                    "errorStackTrace": null,
                    "failedSince": 0,
                    "name": "test_8_only_default_values",
                    "skipped": false,
                    "skippedMessage": null,
                    "status": "PASSED",
                    "stderr": "\n\t",
                    "stdout": "\n\t",
                    "testActions": []
                },
                {
                    "age": 0,
                    "className": "tests.RCR_VR_HA_FE_ConfigTool_Denials.DenialsFE",
                    "duration": 16.802,
                    "errorDetails": null,
                    "errorStackTrace": null,
                    "failedSince": 0,
                    "name": "test_9_revert_to_old_values",
                    "skipped": false,
                    "skippedMessage": null,
                    "status": "PASSED",
                    "stderr": "\n\t",
                    "stdout": "\n\t",
                    "testActions": []
                },
                {
                    "age": 1,
                    "className": "tests.RCR_VR_HA_FE_ConfigTool_Denials.DenialsFE",
                    "duration": 5.565,
                    "errorDetails": "4 != 3",
                    "errorStackTrace": "\nTraceback (most recent call last):\n  File \"C:\\Program Files (x86)\\Jenkins\\workspace\\RCR_VR_HA_FE_ConfigTool_Denials-Dev\\tests\\RCR_VR_HA_FE_ConfigTool_Denials.py\", line 56, in test_1_validate_tabs\n    self.assertEqual(counter, 3)\nAssertionError: 4 != 3\n\t\t",
                    "failedSince": 1,
                    "name": "test_1_validate_tabs",
                    "skipped": false,
                    "skippedMessage": null,
                    "status": "FAILED",
                    "stderr": "\n\t",
                    "stdout": "\n\t",
                    "testActions": []
                }
            ],
            "duration": 73.883,
            "enclosingBlockNames": [],
            "enclosingBlocks": [],
            "id": null,
            "name": "tests.RCR_VR_HA_FE_ConfigTool_Denials.DenialsFE-total_denied_amount",
            "nodeId": null,
            "stderr": "\n\t",
            "stdout": "\n\t",
            "timestamp": null
        }
    ],
    "testActions": []
}